
> futuristcards@1.0.0 build
> vite build

vite v4.5.14 building for production...
transforming...
✓ 1079 modules transformed.
rendering chunks...
computing gzip size...
dist/index.html                                    3.26 kB │ gzip:  1.18 kB
dist/assets/index-2aaf209f.css                    79.00 kB │ gzip: 12.35 kB
dist/assets/useDocumentTitle-15b54e71.js           0.22 kB │ gzip:  0.18 kB
dist/assets/XMarkIcon-7e3697c0.js                  0.78 kB │ gzip:  0.50 kB
dist/assets/PlusIcon-485041b2.js                   0.78 kB │ gzip:  0.50 kB
dist/assets/ArrowLeftIcon-1637e5c2.js              0.79 kB │ gzip:  0.51 kB
dist/assets/ClockIcon-b904670d.js                  0.80 kB │ gzip:  0.51 kB
dist/assets/CheckCircleIcon-f8e0251f.js            0.82 kB │ gzip:  0.52 kB
dist/assets/MagnifyingGlassIcon-519772d0.js        0.83 kB │ gzip:  0.52 kB
dist/assets/UserIcon-23e32931.js                   0.91 kB │ gzip:  0.58 kB
dist/assets/PencilIcon-299c1f3d.js                 0.92 kB │ gzip:  0.58 kB
dist/assets/DevicePhoneMobileIcon-2101e64c.js      0.92 kB │ gzip:  0.56 kB
dist/assets/CreditCardIcon-78441827.js             0.93 kB │ gzip:  0.56 kB
dist/assets/BuildingOfficeIcon-7490b892.js         0.94 kB │ gzip:  0.58 kB
dist/assets/MapPinIcon-5e1cc799.js                 0.95 kB │ gzip:  0.55 kB
dist/assets/ShieldCheckIcon-beee5f03.js            0.97 kB │ gzip:  0.62 kB
dist/assets/CalendarIcon-a366c89e.js               0.98 kB │ gzip:  0.57 kB
dist/assets/ShareIcon-645bd454.js                  1.02 kB │ gzip:  0.61 kB
dist/assets/EyeIcon-ec2ad451.js                    1.05 kB │ gzip:  0.62 kB
dist/assets/PhotoIcon-02cdcad7.js                  1.07 kB │ gzip:  0.62 kB
dist/assets/StarIcon-52f57445.js                   1.12 kB │ gzip:  0.66 kB
dist/assets/RocketLaunchIcon-a5c08e6f.js           1.19 kB │ gzip:  0.70 kB
dist/assets/ChartBarIcon-f6d07f61.js               1.20 kB │ gzip:  0.65 kB
dist/assets/CogIcon-71e0d7bb.js                    1.21 kB │ gzip:  0.73 kB
dist/assets/UserGroupIcon-d6cda506.js              1.27 kB │ gzip:  0.72 kB
dist/assets/ChatBubbleLeftRightIcon-d88ec314.js    1.27 kB │ gzip:  0.78 kB
dist/assets/NotFound-10eec1e7.js                   1.65 kB │ gzip:  0.67 kB
dist/assets/UnauthorizedPage-c96f4bb5.js           1.89 kB │ gzip:  0.79 kB
dist/assets/api-d3714a3a.js                        2.28 kB │ gzip:  0.99 kB
dist/assets/GlassButton-6be0a8e4.js                2.77 kB │ gzip:  1.20 kB
dist/assets/LikeButton-b68a53b4.js                 4.61 kB │ gzip:  2.15 kB
dist/assets/LoginPage-29bc56c4.js                  6.88 kB │ gzip:  2.46 kB
dist/assets/AboutPage-5823e4d9.js                  8.00 kB │ gzip:  2.27 kB
dist/assets/mockCards-81c319de.js                  8.25 kB │ gzip:  3.14 kB
dist/assets/ProfilePage-aee6d380.js                8.41 kB │ gzip:  3.11 kB
dist/assets/MyCards-c43a8cd9.js                   10.84 kB │ gzip:  3.30 kB
dist/assets/DashboardPage-f9ac4405.js             11.00 kB │ gzip:  2.87 kB
dist/assets/PacksPage-b64e5fc3.js                 11.18 kB │ gzip:  2.98 kB
dist/assets/FavoritesPage-2edef4a1.js             11.25 kB │ gzip:  3.63 kB
dist/assets/CreateCardPage-01cb48a4.js            11.78 kB │ gzip:  2.79 kB
dist/assets/ContactPage-98d4f951.js               12.30 kB │ gzip:  3.24 kB
dist/assets/CardsPage-7009d4ca.js                 12.92 kB │ gzip:  3.97 kB
dist/assets/RegisterPage-5c93a924.js              14.70 kB │ gzip:  3.72 kB
dist/assets/EditCardPage-ec0a4b31.js              16.41 kB │ gzip:  4.41 kB
dist/assets/router-cf955134.js                    21.04 kB │ gzip:  7.74 kB
dist/assets/ServicesPage-bc3efca9.js              22.00 kB │ gzip:  5.77 kB
dist/assets/HomePage-a0246e05.js                  22.28 kB │ gzip:  5.28 kB
dist/assets/CardDetailsPage-6ef10d5c.js           23.07 kB │ gzip:  6.13 kB
dist/assets/index.esm-a9e3315a.js                 24.11 kB │ gzip:  8.91 kB
dist/assets/AdminPage-27314093.js                 26.00 kB │ gzip:  6.87 kB
dist/assets/index.esm-4d52af92.js                 36.83 kB │ gzip: 12.19 kB
dist/assets/index-e892910a.js                     81.37 kB │ gzip: 25.76 kB
dist/assets/vendor-0ee0b1fe.js                   140.11 kB │ gzip: 45.00 kB
dist/assets/utils-429f4b77.js                    154.03 kB │ gzip: 52.68 kB
✓ built in 3.66s
